<?xml version="1.0" encoding="UTF-8"?>
<!-- Generated by org.testng.reporters.JUnitReportReporter -->
<testsuite hostname="Shivakumar-Lap" failures="0" tests="1" name="mech.CreateOrgTest$CreateOrganizationWithContactTest" time="80.123" errors="0" timestamp="2021-12-30T17:13:54 IST" skipped="0">
  <testcase classname="mech.CreateOrgTest$CreateOrganizationWithContactTest" name="createOrganizationWithContactTest" time="80.123"/>
  <system-out/>
</testsuite> <!-- mech.CreateOrgTest$CreateOrganizationWithContactTest -->
