<?xml version="1.0" encoding="UTF-8"?>
<!-- Generated by org.testng.reporters.JUnitReportReporter -->
<testsuite skipped="0" hostname="Shivakumar-Lap" name="mech.CreateOrgTest$CreateOrganizationWithContactTest" tests="1" failures="0" timestamp="30 Dec 2021 12:44:34 GMT" time="35.952" errors="0">
  <testcase name="createOrganizationWithContactTest" time="35.952" classname="mech.CreateOrgTest$CreateOrganizationWithContactTest"/>
</testsuite> <!-- mech.CreateOrgTest$CreateOrganizationWithContactTest -->
