<?xml version="1.0" encoding="UTF-8"?>
<!-- Generated by org.testng.reporters.JUnitReportReporter -->
<testsuite skipped="0" hostname="Shivakumar-Lap" name="mech.CreateContactWithOrgDeleteOrgTest" tests="1" failures="0" timestamp="30 Dec 2021 12:44:34 GMT" time="29.523" errors="0">
  <testcase name="createContactWithOrgDeleteOrgTest" time="29.523" classname="mech.CreateContactWithOrgDeleteOrgTest"/>
</testsuite> <!-- mech.CreateContactWithOrgDeleteOrgTest -->
